<?xml version="1.0" encoding="ISO-8859-1"?>
<?xml-stylesheet type="text/xsl" href="test_results.xsl"?>
<tests>

<test>
    <name>impulse (bandwidth)</name>
    <result>Pass</result>
    <description>Model impulse response for: Sweep of `Bandwidth` parameter values.
</description>
    <output>



(Arria_V_Rx (BW 0)(Dcgain 0)(Mode 1)(Process 0))
        <block name="Model Initialization (Bandwidth = 0)" type="text">
**Info** Configured 4 items through parameter string.
**Warning** **SNR is only 0


(Arria_V_Rx(BW 0)(Mode 1)(Dcgain 0)(Rterm 100)(cdr(ltd_ltr "auto")(pll_bw 1)(mcount 10)(ncount 1)(lcount_pfd 1)(lcount_pd 1)(clk_freq 1.03125e+10)(ref_freq 0))(Process 0))
        </block>
(Arria_V_Rx (BW 1)(Dcgain 0)(Mode 1)(Process 0))
        <block name="Model Initialization (Bandwidth = 1)" type="text">
**Info** Configured 4 items through parameter string.
**Warning** **SNR is only 0


(Arria_V_Rx(BW 1)(Mode 1)(Dcgain 0)(Rterm 100)(cdr(ltd_ltr "auto")(pll_bw 1)(mcount 10)(ncount 1)(lcount_pfd 1)(lcount_pd 1)(clk_freq 1.03125e+10)(ref_freq 0))(Process 0))
        </block>

        <block name="Model Impulse Response" type="image">
plot_1.png
        </block>
    </output>
</test>


<test>
    <name>impulse (mode)</name>
    <result>Pass</result>
    <description>Model impulse response for: Sweep of `Mode` parameter values.
</description>
    <output>



(Arria_V_Rx (BW 0)(Dcgain 0)(Mode 0)(Process 0))
        <block name="Model Initialization (Mode = 0)" type="text">
**Info** Configured 4 items through parameter string.
**Warning** **SNR is only 0


(Arria_V_Rx(BW 0)(Mode 0)(Dcgain 0)(Rterm 100)(cdr(ltd_ltr "auto")(pll_bw 1)(mcount 10)(ncount 1)(lcount_pfd 1)(lcount_pd 1)(clk_freq 1.03125e+10)(ref_freq 0))(Process 0))
        </block>
(Arria_V_Rx (BW 0)(Dcgain 0)(Mode 1)(Process 0))
        <block name="Model Initialization (Mode = 1)" type="text">
**Info** Configured 4 items through parameter string.
**Warning** **SNR is only 0


(Arria_V_Rx(BW 0)(Mode 1)(Dcgain 0)(Rterm 100)(cdr(ltd_ltr "auto")(pll_bw 1)(mcount 10)(ncount 1)(lcount_pfd 1)(lcount_pd 1)(clk_freq 1.03125e+10)(ref_freq 0))(Process 0))
        </block>
(Arria_V_Rx (BW 0)(Dcgain 0)(Mode 2)(Process 0))
        <block name="Model Initialization (Mode = 2)" type="text">
**Info** Configured 4 items through parameter string.
**Warning** **SNR is only 0


(Arria_V_Rx(BW 0)(Mode 2)(Dcgain 0)(Rterm 100)(cdr(ltd_ltr "auto")(pll_bw 1)(mcount 10)(ncount 1)(lcount_pfd 1)(lcount_pd 1)(clk_freq 1.03125e+10)(ref_freq 0))(Process 0))
        </block>

        <block name="Model Impulse Response" type="image">
plot_2.png
        </block>
    </output>
</test>


<test>
    <name>freq_resp (bandwidth)</name>
    <result>Pass</result>
    <description>Model frequency response for: Sweep of `Bandwidth` parameter values.
</description>
    <output>



(Arria_V_Rx (BW 0)(Dcgain 0)(Mode 1)(Process 0))
        <block name="Model Initialization (Bandwidth = 0)" type="text">
**Info** Configured 4 items through parameter string.
**Warning** **SNR is only 0


(Arria_V_Rx(BW 0)(Mode 1)(Dcgain 0)(Rterm 100)(cdr(ltd_ltr "auto")(pll_bw 1)(mcount 10)(ncount 1)(lcount_pfd 1)(lcount_pd 1)(clk_freq 1.03125e+10)(ref_freq 0))(Process 0))
        </block>
(Arria_V_Rx (BW 1)(Dcgain 0)(Mode 1)(Process 0))
        <block name="Model Initialization (Bandwidth = 1)" type="text">
**Info** Configured 4 items through parameter string.
**Warning** **SNR is only 0


(Arria_V_Rx(BW 1)(Mode 1)(Dcgain 0)(Rterm 100)(cdr(ltd_ltr "auto")(pll_bw 1)(mcount 10)(ncount 1)(lcount_pfd 1)(lcount_pd 1)(clk_freq 1.03125e+10)(ref_freq 0))(Process 0))
        </block>

        <block name="Model Frequency Response" type="image">
plot_3.png
        </block>
    </output>
</test>


<test>
    <name>freq_resp (mode)</name>
    <result>Pass</result>
    <description>Model frequency response for: Sweep of `Mode` parameter values.
</description>
    <output>



(Arria_V_Rx (BW 0)(Dcgain 0)(Mode 0)(Process 0))
        <block name="Model Initialization (Mode = 0)" type="text">
**Info** Configured 4 items through parameter string.
**Warning** **SNR is only 0


(Arria_V_Rx(BW 0)(Mode 0)(Dcgain 0)(Rterm 100)(cdr(ltd_ltr "auto")(pll_bw 1)(mcount 10)(ncount 1)(lcount_pfd 1)(lcount_pd 1)(clk_freq 1.03125e+10)(ref_freq 0))(Process 0))
        </block>
(Arria_V_Rx (BW 0)(Dcgain 0)(Mode 1)(Process 0))
        <block name="Model Initialization (Mode = 1)" type="text">
**Info** Configured 4 items through parameter string.
**Warning** **SNR is only 0


(Arria_V_Rx(BW 0)(Mode 1)(Dcgain 0)(Rterm 100)(cdr(ltd_ltr "auto")(pll_bw 1)(mcount 10)(ncount 1)(lcount_pfd 1)(lcount_pd 1)(clk_freq 1.03125e+10)(ref_freq 0))(Process 0))
        </block>
(Arria_V_Rx (BW 0)(Dcgain 0)(Mode 2)(Process 0))
        <block name="Model Initialization (Mode = 2)" type="text">
**Info** Configured 4 items through parameter string.
**Warning** **SNR is only 0


(Arria_V_Rx(BW 0)(Mode 2)(Dcgain 0)(Rterm 100)(cdr(ltd_ltr "auto")(pll_bw 1)(mcount 10)(ncount 1)(lcount_pfd 1)(lcount_pd 1)(clk_freq 1.03125e+10)(ref_freq 0))(Process 0))
        </block>

        <block name="Model Frequency Response" type="image">
plot_4.png
        </block>
    </output>
</test>


<test>
    <name>dummy (bandwidth)</name>
    <result>Hello, World!</result>
    <description>A dummy test, used as an example of test file syntax.</description>
    <output>
        <block name="Example `text' block" type="text">
If this is working correctly,
this should have started on a new line.

There should be a blank line, above this one.
And you should see the Python logo, below:
        </block>
        <block name="Example `image' block" type="image">
            python_logo.png
        </block>
    </output>
</test>


<test>
    <name>dummy (mode)</name>
    <result>Hello, World!</result>
    <description>A dummy test, used as an example of test file syntax.</description>
    <output>
        <block name="Example `text' block" type="text">
If this is working correctly,
this should have started on a new line.

There should be a blank line, above this one.
And you should see the Python logo, below:
        </block>
        <block name="Example `image' block" type="image">
            python_logo.png
        </block>
    </output>
</test>

</tests>
